[
  {
    "line": 1,
    "elements": [
      {
        "start_timestamp": "2021-01-31T18:17:01.831Z",
        "before": [
          {
            "result": {
              "duration": 3753027100,
              "status": "passed"
            },
            "match": {
              "location": "step_Definitions.Hook.initialise()"
            }
          }
        ],
        "line": 14,
        "name": "Register by entering all information requested (both mandatory and non mandatory info)",
        "description": "",
        "id": ";register-by-entering-all-information-requested-(both-mandatory-and-non-mandatory-info);;2",
        "after": [
          {
            "result": {
              "duration": 3023427500,
              "status": "passed"
            },
            "match": {
              "location": "step_Definitions.Hook.teardown()"
            }
          }
        ],
        "type": "scenario",
        "keyword": "Scenario Outline",
        "steps": [
          {
            "result": {
              "duration": 3388929100,
              "status": "passed"
            },
            "line": 5,
            "name": "I am on the NewTours landing page",
            "match": {
              "location": "step_Definitions.NewToursStepDefinition.i_am_on_the_new_tours_landing_page()"
            },
            "keyword": "Given "
          },
          {
            "result": {
              "duration": 1112288200,
              "status": "passed"
            },
            "line": 6,
            "name": "I click on the \"Register\" link",
            "match": {
              "arguments": [
                {
                  "val": "\"Register\"",
                  "offset": 15
                }
              ],
              "location": "step_Definitions.NewToursStepDefinition.i_click_on_the_link(java.lang.String)"
            },
            "keyword": "When "
          },
          {
            "result": {
              "duration": 495609800,
              "status": "passed"
            },
            "line": 7,
            "name": "I enter all the contact information as \"ola\",\"gasame\",\"0783025637\" and \"bobgarley@gmail.com\"",
            "match": {
              "arguments": [
                {
                  "val": "\"ola\"",
                  "offset": 39
                },
                {
                  "val": "\"gasame\"",
                  "offset": 45
                },
                {
                  "val": "\"0783025637\"",
                  "offset": 54
                },
                {
                  "val": "\"bobgarley@gmail.com\"",
                  "offset": 71
                }
              ],
              "location": "step_Definitions.NewToursStepDefinition.i_enter_all_the_contact_information_as_and(java.lang.String,java.lang.String,java.lang.String,java.lang.String)"
            },
            "keyword": "And "
          },
          {
            "result": {
              "error_message": "org.openqa.selenium.TimeoutException: Expected condition failed: waiting for visibility of Proxy element for: DefaultElementLocator \u0027By.cssSelector: input[name\u003d\u0027country\u0027]\u0027 (tried for 10 second(s) with 500 milliseconds interval)\r\n\tat org.openqa.selenium.support.ui.WebDriverWait.timeoutException(WebDriverWait.java:95)\r\n\tat org.openqa.selenium.support.ui.FluentWait.until(FluentWait.java:272)\r\n\tat pages.BasePage.waitForVisibilityOfElement(BasePage.java:20)\r\n\tat pages.BasePage.selectFromDropDownListUsingVisibilityOfText(BasePage.java:24)\r\n\tat pages.NewToursRegisterPage.selectCountry(NewToursRegisterPage.java:84)\r\n\tat step_Definitions.NewToursStepDefinition.i_enter_mailing_information_as_and(NewToursStepDefinition.java:51)\r\n\tat ✽.I enter mailing information as \"lewisham rd\",\"gravesend\",\"kent\", \"da14 2jy\", and \"Nigeria\"(file:///C:/Users/Bobby/IdeaProjects/uiFunctional/src/main/resources/feature_files/NewTours.feature:8)\r\nCaused by: org.openqa.selenium.NoSuchElementException: no such element: Unable to locate element: {\"method\":\"css selector\",\"selector\":\"input[name\u003d\u0027country\u0027]\"}\n  (Session info: chrome\u003d88.0.4324.104)\nFor documentation on this error, please visit: https://www.seleniumhq.org/exceptions/no_such_element.html\nBuild info: version: \u00273.141.59\u0027, revision: \u0027e82be7d358\u0027, time: \u00272018-11-14T08:17:03\u0027\nSystem info: host: \u0027BOBBY-PC\u0027, ip: \u0027192.168.1.25\u0027, os.name: \u0027Windows 10\u0027, os.arch: \u0027amd64\u0027, os.version: \u002710.0\u0027, java.version: \u002715.0.1\u0027\nDriver info: org.openqa.selenium.chrome.ChromeDriver\nCapabilities {acceptInsecureCerts: false, browserName: chrome, browserVersion: 88.0.4324.104, chrome: {chromedriverVersion: 87.0.4280.88 (89e2380a3e36c..., userDataDir: C:\\Users\\Bobby\\AppData\\Loca...}, goog:chromeOptions: {debuggerAddress: localhost:57842}, javascriptEnabled: true, networkConnectionEnabled: false, pageLoadStrategy: normal, platform: WINDOWS, platformName: WINDOWS, proxy: Proxy(), setWindowRect: true, strictFileInteractability: false, timeouts: {implicit: 0, pageLoad: 300000, script: 30000}, unhandledPromptBehavior: dismiss and notify, webauthn:virtualAuthenticators: true}\nSession ID: af3c74b4b475cb5be7ff8c930a021c46\n*** Element info: {Using\u003dcss selector, value\u003dinput[name\u003d\u0027country\u0027]}\r\n\tat jdk.internal.reflect.GeneratedConstructorAccessor12.newInstance(Unknown Source)\r\n\tat java.base/jdk.internal.reflect.DelegatingConstructorAccessorImpl.newInstance(DelegatingConstructorAccessorImpl.java:45)\r\n\tat java.base/java.lang.reflect.Constructor.newInstanceWithCaller(Constructor.java:500)\r\n\tat java.base/java.lang.reflect.Constructor.newInstance(Constructor.java:481)\r\n\tat org.openqa.selenium.remote.http.W3CHttpResponseCodec.createException(W3CHttpResponseCodec.java:187)\r\n\tat org.openqa.selenium.remote.http.W3CHttpResponseCodec.decode(W3CHttpResponseCodec.java:122)\r\n\tat org.openqa.selenium.remote.http.W3CHttpResponseCodec.decode(W3CHttpResponseCodec.java:49)\r\n\tat org.openqa.selenium.remote.HttpCommandExecutor.execute(HttpCommandExecutor.java:158)\r\n\tat org.openqa.selenium.remote.service.DriverCommandExecutor.execute(DriverCommandExecutor.java:83)\r\n\tat org.openqa.selenium.remote.RemoteWebDriver.execute(RemoteWebDriver.java:552)\r\n\tat org.openqa.selenium.remote.RemoteWebDriver.findElement(RemoteWebDriver.java:323)\r\n\tat org.openqa.selenium.remote.RemoteWebDriver.findElementByCssSelector(RemoteWebDriver.java:420)\r\n\tat org.openqa.selenium.By$ByCssSelector.findElement(By.java:431)\r\n\tat org.openqa.selenium.remote.RemoteWebDriver.findElement(RemoteWebDriver.java:315)\r\n\tat org.openqa.selenium.support.pagefactory.DefaultElementLocator.findElement(DefaultElementLocator.java:69)\r\n\tat org.openqa.selenium.support.pagefactory.internal.LocatingElementHandler.invoke(LocatingElementHandler.java:38)\r\n\tat com.sun.proxy.$Proxy19.isDisplayed(Unknown Source)\r\n\tat org.openqa.selenium.support.ui.ExpectedConditions.elementIfVisible(ExpectedConditions.java:314)\r\n\tat org.openqa.selenium.support.ui.ExpectedConditions.access$000(ExpectedConditions.java:43)\r\n\tat org.openqa.selenium.support.ui.ExpectedConditions$10.apply(ExpectedConditions.java:300)\r\n\tat org.openqa.selenium.support.ui.ExpectedConditions$10.apply(ExpectedConditions.java:297)\r\n\tat org.openqa.selenium.support.ui.FluentWait.until(FluentWait.java:249)\r\n\tat pages.BasePage.waitForVisibilityOfElement(BasePage.java:20)\r\n\tat pages.BasePage.selectFromDropDownListUsingVisibilityOfText(BasePage.java:24)\r\n\tat pages.NewToursRegisterPage.selectCountry(NewToursRegisterPage.java:84)\r\n\tat step_Definitions.NewToursStepDefinition.i_enter_mailing_information_as_and(NewToursStepDefinition.java:51)\r\n\tat java.base/jdk.internal.reflect.NativeMethodAccessorImpl.invoke0(Native Method)\r\n\tat java.base/jdk.internal.reflect.NativeMethodAccessorImpl.invoke(NativeMethodAccessorImpl.java:64)\r\n\tat java.base/jdk.internal.reflect.DelegatingMethodAccessorImpl.invoke(DelegatingMethodAccessorImpl.java:43)\r\n\tat java.base/java.lang.reflect.Method.invoke(Method.java:564)\r\n\tat io.cucumber.java.Invoker.doInvoke(Invoker.java:66)\r\n\tat io.cucumber.java.Invoker.invoke(Invoker.java:24)\r\n\tat io.cucumber.java.AbstractGlueDefinition.invokeMethod(AbstractGlueDefinition.java:47)\r\n\tat io.cucumber.java.JavaStepDefinition.execute(JavaStepDefinition.java:29)\r\n\tat io.cucumber.core.runner.CoreStepDefinition.execute(CoreStepDefinition.java:66)\r\n\tat io.cucumber.core.runner.PickleStepDefinitionMatch.runStep(PickleStepDefinitionMatch.java:63)\r\n\tat io.cucumber.core.runner.ExecutionMode$1.execute(ExecutionMode.java:10)\r\n\tat io.cucumber.core.runner.TestStep.executeStep(TestStep.java:92)\r\n\tat io.cucumber.core.runner.TestStep.run(TestStep.java:64)\r\n\tat io.cucumber.core.runner.PickleStepTestStep.run(PickleStepTestStep.java:51)\r\n\tat io.cucumber.core.runner.TestCase.run(TestCase.java:104)\r\n\tat io.cucumber.core.runner.Runner.runPickle(Runner.java:71)\r\n\tat io.cucumber.junit.PickleRunners$NoStepDescriptions.run(PickleRunners.java:151)\r\n\tat io.cucumber.junit.FeatureRunner.runChild(FeatureRunner.java:135)\r\n\tat io.cucumber.junit.FeatureRunner.runChild(FeatureRunner.java:27)\r\n\tat org.junit.runners.ParentRunner$4.run(ParentRunner.java:331)\r\n\tat org.junit.runners.ParentRunner$1.schedule(ParentRunner.java:79)\r\n\tat org.junit.runners.ParentRunner.runChildren(ParentRunner.java:329)\r\n\tat org.junit.runners.ParentRunner.access$100(ParentRunner.java:66)\r\n\tat org.junit.runners.ParentRunner$2.evaluate(ParentRunner.java:293)\r\n\tat org.junit.runners.ParentRunner$3.evaluate(ParentRunner.java:306)\r\n\tat org.junit.runners.ParentRunner.run(ParentRunner.java:413)\r\n\tat io.cucumber.junit.Cucumber.runChild(Cucumber.java:199)\r\n\tat io.cucumber.junit.Cucumber.runChild(Cucumber.java:90)\r\n\tat org.junit.runners.ParentRunner$4.run(ParentRunner.java:331)\r\n\tat org.junit.runners.ParentRunner$1.schedule(ParentRunner.java:79)\r\n\tat org.junit.runners.ParentRunner.runChildren(ParentRunner.java:329)\r\n\tat org.junit.runners.ParentRunner.access$100(ParentRunner.java:66)\r\n\tat org.junit.runners.ParentRunner$2.evaluate(ParentRunner.java:293)\r\n\tat io.cucumber.junit.Cucumber$RunCucumber.evaluate(Cucumber.java:234)\r\n\tat org.junit.runners.ParentRunner$3.evaluate(ParentRunner.java:306)\r\n\tat org.junit.runners.ParentRunner.run(ParentRunner.java:413)\r\n\tat org.junit.runner.JUnitCore.run(JUnitCore.java:137)\r\n\tat com.intellij.junit4.JUnit4IdeaTestRunner.startRunnerWithArgs(JUnit4IdeaTestRunner.java:69)\r\n\tat com.intellij.rt.junit.IdeaTestRunner$Repeater.startRunnerWithArgs(IdeaTestRunner.java:33)\r\n\tat com.intellij.rt.junit.JUnitStarter.prepareStreamsAndStart(JUnitStarter.java:220)\r\n\tat com.intellij.rt.junit.JUnitStarter.main(JUnitStarter.java:53)\r\n",
              "duration": 10810930300,
              "status": "failed"
            },
            "line": 8,
            "name": "I enter mailing information as \"lewisham rd\",\"gravesend\",\"kent\", \"da14 2jy\", and \"Nigeria\"",
            "match": {
              "arguments": [
                {
                  "val": "\"lewisham rd\"",
                  "offset": 31
                },
                {
                  "val": "\"gravesend\"",
                  "offset": 45
                },
                {
                  "val": "\"kent\"",
                  "offset": 57
                },
                {
                  "val": "\"da14 2jy\"",
                  "offset": 65
                },
                {
                  "val": "\"Nigeria\"",
                  "offset": 81
                }
              ],
              "location": "step_Definitions.NewToursStepDefinition.i_enter_mailing_information_as_and(java.lang.String,java.lang.String,java.lang.String,java.lang.String,java.lang.String)"
            },
            "keyword": "And "
          },
          {
            "result": {
              "duration": 997500,
              "status": "skipped"
            },
            "line": 9,
            "name": "I enter user information as \"lolaby\" and \"blue\"",
            "match": {
              "arguments": [
                {
                  "val": "\"lolaby\"",
                  "offset": 28
                },
                {
                  "val": "\"blue\"",
                  "offset": 41
                }
              ],
              "location": "step_Definitions.NewToursStepDefinition.i_enter_user_information_as_and(java.lang.String,java.lang.String)"
            },
            "keyword": "And "
          },
          {
            "result": {
              "status": "skipped"
            },
            "line": 10,
            "name": "I should be able to create a new user and verify with \"ola\",\"gasame\" and \"lolaby\"",
            "match": {
              "arguments": [
                {
                  "val": "\"ola\"",
                  "offset": 54
                },
                {
                  "val": "\"gasame\"",
                  "offset": 60
                },
                {
                  "val": "\"lolaby\"",
                  "offset": 73
                }
              ],
              "location": "step_Definitions.NewToursStepDefinition.i_should_be_able_to_create_a_new_user_and_verify_with_and(java.lang.String,java.lang.String,java.lang.String)"
            },
            "keyword": "Then "
          }
        ],
        "tags": [
          {
            "name": "@Test"
          }
        ]
      },
      {
        "start_timestamp": "2021-01-31T18:17:24.620Z",
        "before": [
          {
            "result": {
              "duration": 3284651600,
              "status": "passed"
            },
            "match": {
              "location": "step_Definitions.Hook.initialise()"
            }
          }
        ],
        "line": 15,
        "name": "Register by entering all information requested (both mandatory and non mandatory info)",
        "description": "",
        "id": ";register-by-entering-all-information-requested-(both-mandatory-and-non-mandatory-info);;3",
        "after": [
          {
            "result": {
              "duration": 3057703500,
              "status": "passed"
            },
            "match": {
              "location": "step_Definitions.Hook.teardown()"
            }
          }
        ],
        "type": "scenario",
        "keyword": "Scenario Outline",
        "steps": [
          {
            "result": {
              "duration": 3494399600,
              "status": "passed"
            },
            "line": 5,
            "name": "I am on the NewTours landing page",
            "match": {
              "location": "step_Definitions.NewToursStepDefinition.i_am_on_the_new_tours_landing_page()"
            },
            "keyword": "Given "
          },
          {
            "result": {
              "duration": 906574900,
              "status": "passed"
            },
            "line": 6,
            "name": "I click on the \"Register\" link",
            "match": {
              "arguments": [
                {
                  "val": "\"Register\"",
                  "offset": 15
                }
              ],
              "location": "step_Definitions.NewToursStepDefinition.i_click_on_the_link(java.lang.String)"
            },
            "keyword": "When "
          },
          {
            "result": {
              "duration": 524596200,
              "status": "passed"
            },
            "line": 7,
            "name": "I enter all the contact information as \"Fola\",\"loikame\",\"0765858345\" and \"Sallyximena@yahoo.com\"",
            "match": {
              "arguments": [
                {
                  "val": "\"Fola\"",
                  "offset": 39
                },
                {
                  "val": "\"loikame\"",
                  "offset": 46
                },
                {
                  "val": "\"0765858345\"",
                  "offset": 56
                },
                {
                  "val": "\"Sallyximena@yahoo.com\"",
                  "offset": 73
                }
              ],
              "location": "step_Definitions.NewToursStepDefinition.i_enter_all_the_contact_information_as_and(java.lang.String,java.lang.String,java.lang.String,java.lang.String)"
            },
            "keyword": "And "
          },
          {
            "result": {
              "error_message": "org.openqa.selenium.TimeoutException: Expected condition failed: waiting for visibility of Proxy element for: DefaultElementLocator \u0027By.cssSelector: input[name\u003d\u0027country\u0027]\u0027 (tried for 10 second(s) with 500 milliseconds interval)\r\n\tat org.openqa.selenium.support.ui.WebDriverWait.timeoutException(WebDriverWait.java:95)\r\n\tat org.openqa.selenium.support.ui.FluentWait.until(FluentWait.java:272)\r\n\tat pages.BasePage.waitForVisibilityOfElement(BasePage.java:20)\r\n\tat pages.BasePage.selectFromDropDownListUsingVisibilityOfText(BasePage.java:24)\r\n\tat pages.NewToursRegisterPage.selectCountry(NewToursRegisterPage.java:84)\r\n\tat step_Definitions.NewToursStepDefinition.i_enter_mailing_information_as_and(NewToursStepDefinition.java:51)\r\n\tat ✽.I enter mailing information as \"latif@yahoo.com\",\"London\",\"70 bromley rd\", \"se13 7lh\", and \"NIGER\"(file:///C:/Users/Bobby/IdeaProjects/uiFunctional/src/main/resources/feature_files/NewTours.feature:8)\r\nCaused by: org.openqa.selenium.NoSuchElementException: no such element: Unable to locate element: {\"method\":\"css selector\",\"selector\":\"input[name\u003d\u0027country\u0027]\"}\n  (Session info: chrome\u003d88.0.4324.104)\nFor documentation on this error, please visit: https://www.seleniumhq.org/exceptions/no_such_element.html\nBuild info: version: \u00273.141.59\u0027, revision: \u0027e82be7d358\u0027, time: \u00272018-11-14T08:17:03\u0027\nSystem info: host: \u0027BOBBY-PC\u0027, ip: \u0027192.168.1.25\u0027, os.name: \u0027Windows 10\u0027, os.arch: \u0027amd64\u0027, os.version: \u002710.0\u0027, java.version: \u002715.0.1\u0027\nDriver info: org.openqa.selenium.chrome.ChromeDriver\nCapabilities {acceptInsecureCerts: false, browserName: chrome, browserVersion: 88.0.4324.104, chrome: {chromedriverVersion: 87.0.4280.88 (89e2380a3e36c..., userDataDir: C:\\Users\\Bobby\\AppData\\Loca...}, goog:chromeOptions: {debuggerAddress: localhost:57888}, javascriptEnabled: true, networkConnectionEnabled: false, pageLoadStrategy: normal, platform: WINDOWS, platformName: WINDOWS, proxy: Proxy(), setWindowRect: true, strictFileInteractability: false, timeouts: {implicit: 0, pageLoad: 300000, script: 30000}, unhandledPromptBehavior: dismiss and notify, webauthn:virtualAuthenticators: true}\nSession ID: 393bf5178413efe54ab77f5484301cdf\n*** Element info: {Using\u003dcss selector, value\u003dinput[name\u003d\u0027country\u0027]}\r\n\tat jdk.internal.reflect.GeneratedConstructorAccessor12.newInstance(Unknown Source)\r\n\tat java.base/jdk.internal.reflect.DelegatingConstructorAccessorImpl.newInstance(DelegatingConstructorAccessorImpl.java:45)\r\n\tat java.base/java.lang.reflect.Constructor.newInstanceWithCaller(Constructor.java:500)\r\n\tat java.base/java.lang.reflect.Constructor.newInstance(Constructor.java:481)\r\n\tat org.openqa.selenium.remote.http.W3CHttpResponseCodec.createException(W3CHttpResponseCodec.java:187)\r\n\tat org.openqa.selenium.remote.http.W3CHttpResponseCodec.decode(W3CHttpResponseCodec.java:122)\r\n\tat org.openqa.selenium.remote.http.W3CHttpResponseCodec.decode(W3CHttpResponseCodec.java:49)\r\n\tat org.openqa.selenium.remote.HttpCommandExecutor.execute(HttpCommandExecutor.java:158)\r\n\tat org.openqa.selenium.remote.service.DriverCommandExecutor.execute(DriverCommandExecutor.java:83)\r\n\tat org.openqa.selenium.remote.RemoteWebDriver.execute(RemoteWebDriver.java:552)\r\n\tat org.openqa.selenium.remote.RemoteWebDriver.findElement(RemoteWebDriver.java:323)\r\n\tat org.openqa.selenium.remote.RemoteWebDriver.findElementByCssSelector(RemoteWebDriver.java:420)\r\n\tat org.openqa.selenium.By$ByCssSelector.findElement(By.java:431)\r\n\tat org.openqa.selenium.remote.RemoteWebDriver.findElement(RemoteWebDriver.java:315)\r\n\tat org.openqa.selenium.support.pagefactory.DefaultElementLocator.findElement(DefaultElementLocator.java:69)\r\n\tat org.openqa.selenium.support.pagefactory.internal.LocatingElementHandler.invoke(LocatingElementHandler.java:38)\r\n\tat com.sun.proxy.$Proxy19.isDisplayed(Unknown Source)\r\n\tat org.openqa.selenium.support.ui.ExpectedConditions.elementIfVisible(ExpectedConditions.java:314)\r\n\tat org.openqa.selenium.support.ui.ExpectedConditions.access$000(ExpectedConditions.java:43)\r\n\tat org.openqa.selenium.support.ui.ExpectedConditions$10.apply(ExpectedConditions.java:300)\r\n\tat org.openqa.selenium.support.ui.ExpectedConditions$10.apply(ExpectedConditions.java:297)\r\n\tat org.openqa.selenium.support.ui.FluentWait.until(FluentWait.java:249)\r\n\tat pages.BasePage.waitForVisibilityOfElement(BasePage.java:20)\r\n\tat pages.BasePage.selectFromDropDownListUsingVisibilityOfText(BasePage.java:24)\r\n\tat pages.NewToursRegisterPage.selectCountry(NewToursRegisterPage.java:84)\r\n\tat step_Definitions.NewToursStepDefinition.i_enter_mailing_information_as_and(NewToursStepDefinition.java:51)\r\n\tat java.base/jdk.internal.reflect.NativeMethodAccessorImpl.invoke0(Native Method)\r\n\tat java.base/jdk.internal.reflect.NativeMethodAccessorImpl.invoke(NativeMethodAccessorImpl.java:64)\r\n\tat java.base/jdk.internal.reflect.DelegatingMethodAccessorImpl.invoke(DelegatingMethodAccessorImpl.java:43)\r\n\tat java.base/java.lang.reflect.Method.invoke(Method.java:564)\r\n\tat io.cucumber.java.Invoker.doInvoke(Invoker.java:66)\r\n\tat io.cucumber.java.Invoker.invoke(Invoker.java:24)\r\n\tat io.cucumber.java.AbstractGlueDefinition.invokeMethod(AbstractGlueDefinition.java:47)\r\n\tat io.cucumber.java.JavaStepDefinition.execute(JavaStepDefinition.java:29)\r\n\tat io.cucumber.core.runner.CoreStepDefinition.execute(CoreStepDefinition.java:66)\r\n\tat io.cucumber.core.runner.PickleStepDefinitionMatch.runStep(PickleStepDefinitionMatch.java:63)\r\n\tat io.cucumber.core.runner.ExecutionMode$1.execute(ExecutionMode.java:10)\r\n\tat io.cucumber.core.runner.TestStep.executeStep(TestStep.java:92)\r\n\tat io.cucumber.core.runner.TestStep.run(TestStep.java:64)\r\n\tat io.cucumber.core.runner.PickleStepTestStep.run(PickleStepTestStep.java:51)\r\n\tat io.cucumber.core.runner.TestCase.run(TestCase.java:104)\r\n\tat io.cucumber.core.runner.Runner.runPickle(Runner.java:71)\r\n\tat io.cucumber.junit.PickleRunners$NoStepDescriptions.run(PickleRunners.java:151)\r\n\tat io.cucumber.junit.FeatureRunner.runChild(FeatureRunner.java:135)\r\n\tat io.cucumber.junit.FeatureRunner.runChild(FeatureRunner.java:27)\r\n\tat org.junit.runners.ParentRunner$4.run(ParentRunner.java:331)\r\n\tat org.junit.runners.ParentRunner$1.schedule(ParentRunner.java:79)\r\n\tat org.junit.runners.ParentRunner.runChildren(ParentRunner.java:329)\r\n\tat org.junit.runners.ParentRunner.access$100(ParentRunner.java:66)\r\n\tat org.junit.runners.ParentRunner$2.evaluate(ParentRunner.java:293)\r\n\tat org.junit.runners.ParentRunner$3.evaluate(ParentRunner.java:306)\r\n\tat org.junit.runners.ParentRunner.run(ParentRunner.java:413)\r\n\tat io.cucumber.junit.Cucumber.runChild(Cucumber.java:199)\r\n\tat io.cucumber.junit.Cucumber.runChild(Cucumber.java:90)\r\n\tat org.junit.runners.ParentRunner$4.run(ParentRunner.java:331)\r\n\tat org.junit.runners.ParentRunner$1.schedule(ParentRunner.java:79)\r\n\tat org.junit.runners.ParentRunner.runChildren(ParentRunner.java:329)\r\n\tat org.junit.runners.ParentRunner.access$100(ParentRunner.java:66)\r\n\tat org.junit.runners.ParentRunner$2.evaluate(ParentRunner.java:293)\r\n\tat io.cucumber.junit.Cucumber$RunCucumber.evaluate(Cucumber.java:234)\r\n\tat org.junit.runners.ParentRunner$3.evaluate(ParentRunner.java:306)\r\n\tat org.junit.runners.ParentRunner.run(ParentRunner.java:413)\r\n\tat org.junit.runner.JUnitCore.run(JUnitCore.java:137)\r\n\tat com.intellij.junit4.JUnit4IdeaTestRunner.startRunnerWithArgs(JUnit4IdeaTestRunner.java:69)\r\n\tat com.intellij.rt.junit.IdeaTestRunner$Repeater.startRunnerWithArgs(IdeaTestRunner.java:33)\r\n\tat com.intellij.rt.junit.JUnitStarter.prepareStreamsAndStart(JUnitStarter.java:220)\r\n\tat com.intellij.rt.junit.JUnitStarter.main(JUnitStarter.java:53)\r\n",
              "duration": 10482564200,
              "status": "failed"
            },
            "line": 8,
            "name": "I enter mailing information as \"latif@yahoo.com\",\"London\",\"70 bromley rd\", \"se13 7lh\", and \"NIGER\"",
            "match": {
              "arguments": [
                {
                  "val": "\"latif@yahoo.com\"",
                  "offset": 31
                },
                {
                  "val": "\"London\"",
                  "offset": 49
                },
                {
                  "val": "\"70 bromley rd\"",
                  "offset": 58
                },
                {
                  "val": "\"se13 7lh\"",
                  "offset": 75
                },
                {
                  "val": "\"NIGER\"",
                  "offset": 91
                }
              ],
              "location": "step_Definitions.NewToursStepDefinition.i_enter_mailing_information_as_and(java.lang.String,java.lang.String,java.lang.String,java.lang.String,java.lang.String)"
            },
            "keyword": "And "
          },
          {
            "result": {
              "status": "skipped"
            },
            "line": 9,
            "name": "I enter user information as \"spagetti\" and \"red\"",
            "match": {
              "arguments": [
                {
                  "val": "\"spagetti\"",
                  "offset": 28
                },
                {
                  "val": "\"red\"",
                  "offset": 43
                }
              ],
              "location": "step_Definitions.NewToursStepDefinition.i_enter_user_information_as_and(java.lang.String,java.lang.String)"
            },
            "keyword": "And "
          },
          {
            "result": {
              "status": "skipped"
            },
            "line": 10,
            "name": "I should be able to create a new user and verify with \"Fola\",\"loikame\" and \"spagetti\"",
            "match": {
              "arguments": [
                {
                  "val": "\"Fola\"",
                  "offset": 54
                },
                {
                  "val": "\"loikame\"",
                  "offset": 61
                },
                {
                  "val": "\"spagetti\"",
                  "offset": 75
                }
              ],
              "location": "step_Definitions.NewToursStepDefinition.i_should_be_able_to_create_a_new_user_and_verify_with_and(java.lang.String,java.lang.String,java.lang.String)"
            },
            "keyword": "Then "
          }
        ],
        "tags": [
          {
            "name": "@Test"
          }
        ]
      }
    ],
    "name": "",
    "description": "",
    "id": "",
    "keyword": "Feature",
    "uri": "file:src/main/resources/feature_files/NewTours.feature",
    "tags": []
  },
  {
    "line": 1,
    "elements": [
      {
        "start_timestamp": "2021-01-31T18:17:46.419Z",
        "before": [
          {
            "result": {
              "duration": 3509542800,
              "status": "passed"
            },
            "match": {
              "location": "step_Definitions.Hook.initialise()"
            }
          }
        ],
        "line": 3,
        "name": "Sign in with valid details (Happy path)",
        "description": "",
        "id": "as-a-user--i-want-to-be-able-to-sign-into-my-account-in-the-mercury-tours-website;sign-in-with-valid-details-(happy-path)",
        "after": [
          {
            "result": {
              "duration": 2993489500,
              "status": "passed"
            },
            "match": {
              "location": "step_Definitions.Hook.teardown()"
            }
          }
        ],
        "type": "scenario",
        "keyword": "Scenario",
        "steps": [
          {
            "result": {
              "duration": 3522630600,
              "status": "passed"
            },
            "line": 5,
            "name": "I am on the NewTours landing page",
            "match": {
              "location": "step_Definitions.NewToursStepDefinition.i_am_on_the_new_tours_landing_page()"
            },
            "keyword": "Given "
          },
          {
            "result": {
              "duration": 770975800,
              "status": "passed"
            },
            "line": 6,
            "name": "I click on the SignOn link",
            "match": {
              "location": "step_Definitions.NewToursLogOnStepDefinition.i_click_on_the_sign_on_link()"
            },
            "keyword": "When "
          },
          {
            "result": {
              "duration": 1460626600,
              "status": "passed"
            },
            "line": 7,
            "name": "I enter valid username as \"GAde\" and Password as \"123456\"",
            "match": {
              "arguments": [
                {
                  "val": "\"GAde\"",
                  "offset": 26
                },
                {
                  "val": "\"123456\"",
                  "offset": 49
                }
              ],
              "location": "step_Definitions.NewToursLogOnStepDefinition.i_enter_valid_username_as_and_password_as(java.lang.String,java.lang.String)"
            },
            "keyword": "And "
          },
          {
            "result": {
              "duration": 108708100,
              "status": "passed"
            },
            "line": 8,
            "name": "I should be able to sign into my account",
            "match": {
              "location": "step_Definitions.NewToursLogOnStepDefinition.i_should_be_able_to_sign_into_my_account()"
            },
            "keyword": "Then "
          }
        ],
        "tags": [
          {
            "name": "@Test"
          }
        ]
      }
    ],
    "name": "As a user, I want to be able to sign into my account in the Mercury tours website",
    "description": "",
    "id": "as-a-user--i-want-to-be-able-to-sign-into-my-account-in-the-mercury-tours-website",
    "keyword": "Feature",
    "uri": "file:src/main/resources/feature_files/NewToursLogOn.feature",
    "tags": []
  }
]